\BOOKMARK [1][-]{section.1}{Game of Thrones Visualisation}{}% 1
\BOOKMARK [2][-]{subsection.1.1}{Main Visualisation}{section.1}% 2
\BOOKMARK [3][-]{subsubsection.1.1.1}{Legend}{subsection.1.1}% 3
\BOOKMARK [3][-]{subsubsection.1.1.2}{Preparation}{subsection.1.1}% 4
\BOOKMARK [3][-]{subsubsection.1.1.3}{Strengths and Weakness}{subsection.1.1}% 5
\BOOKMARK [2][-]{subsection.1.2}{Familial and Love Ties}{section.1}% 6
\BOOKMARK [3][-]{subsubsection.1.2.1}{Legend}{subsection.1.2}% 7
\BOOKMARK [3][-]{subsubsection.1.2.2}{Preparation}{subsection.1.2}% 8
\BOOKMARK [3][-]{subsubsection.1.2.3}{Strengths and Weaknesses}{subsection.1.2}% 9
\BOOKMARK [2][-]{subsection.1.3}{Allegiance}{section.1}% 10
\BOOKMARK [3][-]{subsubsection.1.3.1}{Legend}{subsection.1.3}% 11
\BOOKMARK [3][-]{subsubsection.1.3.2}{Preparation}{subsection.1.3}% 12
\BOOKMARK [3][-]{subsubsection.1.3.3}{Strengths and Weaknesses}{subsection.1.3}% 13
\BOOKMARK [1][-]{section.2}{Graph Drawing Contest 1999 B Visualisation}{}% 14
\BOOKMARK [2][-]{subsection.2.1}{Organic Layou}{section.2}% 15
\BOOKMARK [3][-]{subsubsection.2.1.1}{Preparation}{subsection.2.1}% 16
\BOOKMARK [3][-]{subsubsection.2.1.2}{Strengths and Weaknessess}{subsection.2.1}% 17
\BOOKMARK [2][-]{subsection.2.2}{Hierachical Directed Graph}{section.2}% 18
\BOOKMARK [3][-]{subsubsection.2.2.1}{Preparation}{subsection.2.2}% 19
\BOOKMARK [3][-]{subsubsection.2.2.2}{Strengths and Weaknessess}{subsection.2.2}% 20
